mode: count
github.com/rbo13/write-it/app/inmemory/inmemory.go:20.47,25.2 1 1
github.com/rbo13/write-it/app/inmemory/inmemory.go:27.57,31.18 3 1
github.com/rbo13/write-it/app/inmemory/inmemory.go:35.2,46.12 3 1
github.com/rbo13/write-it/app/inmemory/inmemory.go:31.18,33.3 1 0
github.com/rbo13/write-it/app/inmemory/inmemory.go:49.58,53.13 3 0
github.com/rbo13/write-it/app/inmemory/inmemory.go:57.2,57.32 1 0
github.com/rbo13/write-it/app/inmemory/inmemory.go:62.2,62.42 1 0
github.com/rbo13/write-it/app/inmemory/inmemory.go:53.13,55.3 1 0
github.com/rbo13/write-it/app/inmemory/inmemory.go:57.32,58.20 1 0
github.com/rbo13/write-it/app/inmemory/inmemory.go:58.20,60.4 1 0
github.com/rbo13/write-it/app/inmemory/inmemory.go:65.53,71.32 4 0
github.com/rbo13/write-it/app/inmemory/inmemory.go:75.2,75.19 1 0
github.com/rbo13/write-it/app/inmemory/inmemory.go:71.32,73.3 1 0
github.com/rbo13/write-it/app/inmemory/inmemory.go:78.57,82.18 3 0
github.com/rbo13/write-it/app/inmemory/inmemory.go:86.2,88.12 2 0
github.com/rbo13/write-it/app/inmemory/inmemory.go:82.18,84.3 1 0
github.com/rbo13/write-it/app/inmemory/inmemory.go:91.51,95.13 3 0
github.com/rbo13/write-it/app/inmemory/inmemory.go:99.2,101.12 2 0
github.com/rbo13/write-it/app/inmemory/inmemory.go:95.13,97.3 1 0
